
【INFO】2025-11-18 10:00:09,536 - tmdbstoryliner - 跳过更新 安全警长啦咘啦哆 S02E23 - 内容已是中文或无需更新
【INFO】2025-11-18 10:00:09,556 - tmdbstoryliner - 正在处理 安全警长啦咘啦哆 S02E24
【INFO】2025-11-18 10:00:10,543 - tmdbstoryliner - 剧集 安全警长啦咘啦哆 S02E24 - 剧情简介: 无(0字符), 标题: 有(7字符)
【INFO】2025-11-18 10:00:10,551 - tmdbstoryliner - 检查本地剧集信息 219799_S02E24:
【INFO】2025-11-18 10:00:10,552 - tmdbstoryliner -   本地剧情简介: 不存在 (0 字符)
【INFO】2025-11-18 10:00:10,552 - tmdbstoryliner -   本地标题: 存在 (9 字符)
【INFO】2025-11-18 10:00:10,552 - tmdbstoryliner -   TMDB剧情简介: 不存在 (0 字符)
【INFO】2025-11-18 10:00:10,553 - tmdbstoryliner -   TMDB标题: 存在 (7 字符)
【INFO】2025-11-18 10:00:10,553 - tmdbstoryliner - 安全警长啦咘啦哆 S02E24 剧情简介无需翻译
【INFO】2025-11-18 10:00:10,553 - tmdbstoryliner - 安全警长啦咘啦哆 S02E24 标题需要翻译: 老屋翻修出大事
【INFO】2025-11-18 10:00:10,959 - tmdbstoryliner - 已AI翻译 安全警长啦咘啦哆 S02E24 标题

【INFO】2025-11-18 11:20:50,404 - tmdbstoryliner - 跳过更新 安全警长啦咘啦哆 S02E23 - 内容已是中文或无需更新
【INFO】2025-11-18 11:20:50,459 - tmdbstoryliner - 正在处理 安全警长啦咘啦哆 S02E24
【INFO】2025-11-18 11:20:51,476 - tmdbstoryliner - 剧集 安全警长啦咘啦哆 S02E24 - 剧情简介: 无(0字符), 标题: 有(7字符)
【INFO】2025-11-18 11:20:51,488 - tmdbstoryliner - 检查本地剧集信息 219799_S02E24:
【INFO】2025-11-18 11:20:51,489 - tmdbstoryliner -   本地剧情简介: 不存在 (0 字符)
【INFO】2025-11-18 11:20:51,489 - tmdbstoryliner -   本地标题: 存在 (9 字符)
【INFO】2025-11-18 11:20:51,490 - tmdbstoryliner -   TMDB剧情简介: 不存在 (0 字符)
【INFO】2025-11-18 11:20:51,490 - tmdbstoryliner -   TMDB标题: 存在 (7 字符)
【INFO】2025-11-18 11:20:51,491 - tmdbstoryliner - 安全警长啦咘啦哆 S02E24 剧情简介无需翻译
【INFO】2025-11-18 11:20:51,491 - tmdbstoryliner - 安全警长啦咘啦哆 S02E24 标题需要翻译: 老屋翻修出大事
【INFO】2025-11-18 11:20:51,939 - tmdbstoryliner - 已AI翻译 安全警长啦咘啦哆 S02E24 标题
【INFO】2025-11-18 11:20:51,964 - tmdbstoryliner - 已更新 安全警长啦咘啦哆 S02E24 标题和剧情简介
【INFO】2025-11-18 11:20:52,506 - tmdbstoryliner - 正在处理 安全警长啦咘啦哆 S02E25
【INFO】2025-11-18 11:20:53,529 - tmdbstoryliner - 剧集 安全警长啦咘啦哆 S02E25 - 剧情简介: 无(0字符), 标题: 有(3字符)
【INFO】2025-11-18 11:20:53,551 - tmdbstoryliner - 检查本地剧集信息 219799_S02E25:
【INFO】2025-11-18 11:20:53,552 - tmdbstoryliner -   本地剧情简介: 不存在 (0 字符)
【INFO】2025-11-18 11:20:53,553 - tmdbstoryliner -   本地标题: 存在 (3 字符)
【INFO】2025-11-18 11:20:53,554 - tmdbstoryliner -   TMDB剧情简介: 不存在 (0 字符)
【INFO】2025-11-18 11:20:53,555 - tmdbstoryliner -   TMDB标题: 存在 (3 字符)
【INFO】2025-11-18 11:20:53,626 - tmdbstoryliner - 跳过更新 安全警长啦咘啦哆 S02E25 - 内容已是中文或无需更新
【INFO】2025-11-18 11:20:53,681 - tmdbstoryliner - 正在处理 安全警长啦咘啦哆 S02E26
【INFO】2025-11-18 11:20:54,587 - tmdbstoryliner - 剧集 安全警长啦咘啦哆 S02E26 - 剧情简介: 无(0字符), 标题: 有(5字符)
【INFO】2025-11-18 11:20:54,594 - tmdbstoryliner - 检查本地剧集信息 219799_S02E26:
【INFO】2025-11-18 11:20:54,594 - tmdbstoryliner -   本地剧情简介: 不存在 (0 字符)
【INFO】2025-11-18 11:20:54,595 - tmdbstoryliner -   本地标题: 存在 (5 字符)
【INFO】2025-11-18 11:20:54,595 - tmdbstoryliner -   TMDB剧情简介: 不存在 (0 字符)
【INFO】2025-11-18 11:20:54,595 - tmdbstoryliner -   TMDB标题: 存在 (5 字符)
【INFO】2025-11-18 11:20:54,623 - tmdbstoryliner - 跳过更新 安全警长啦咘啦哆 S02E26 - 内容已是中文或无需更新
【INFO】2025-11-18 11:20:54,677 - tmdbstoryliner - 正在处理 安全警长啦咘啦哆 S02E27
【INFO】2025-11-18 11:20:55,646 - tmdbstoryliner - 剧集 安全警长啦咘啦哆 S02E27 - 剧情简介: 无(0字符), 标题: 有(2字符)
【INFO】2025-11-18 11:20:55,658 - tmdbstoryliner - 检查本地剧集信息 219799_S02E27:
【INFO】2025-11-18 11:20:55,659 - tmdbstoryliner -   本地剧情简介: 不存在 (0 字符)
【INFO】2025-11-18 11:20:55,660 - tmdbstoryliner -   本地标题: 存在 (2 字符)
【INFO】2025-11-18 11:20:55,660 - tmdbstoryliner -   TMDB剧情简介: 不存在 (0 字符)
【INFO】2025-11-18 11:20:55,661 - tmdbstoryliner -   TMDB标题: 存在 (2 字符)
【INFO】2025-11-18 11:20:55,713 - tmdbstoryliner - 跳过更新 安全警长啦咘啦哆 S02E27 - 内容已是中文或无需更新
【INFO】2025-11-18 11:20:55,792 - tmdbstoryliner - 正在处理 安全警长啦咘啦哆 S02E28
【INFO】2025-11-18 11:20:57,084 - tmdbstoryliner - 剧集 安全警长啦咘啦哆 S02E28 - 剧情简介: 无(0字符), 标题: 有(5字符)
【INFO】2025-11-18 11:20:57,099 - tmdbstoryliner - 检查本地剧集信息 219799_S02E28:
【INFO】2025-11-18 11:20:57,100 - tmdbstoryliner -   本地剧情简介: 不存在 (0 字符)
【INFO】2025-11-18 11:20:57,100 - tmdbstoryliner -   本地标题: 存在 (5 字符)
【INFO】2025-11-18 11:20:57,101 - tmdbstoryliner -   TMDB剧情简介: 不存在 (0 字符)
【INFO】2025-11-18 11:20:57,101 - tmdbstoryliner -   TMDB标题: 存在 (5 字符)
【INFO】2025-11-18 11:20:57,146 - tmdbstoryliner - 跳过更新 安全警长啦咘啦哆 S02E28 - 内容已是中文或无需更新
【INFO】2025-11-18 11:20:57,216 - tmdbstoryliner - 正在处理 安全警长啦咘啦哆 S02E29
【INFO】2025-11-18 11:20:58,209 - tmdbstoryliner - 剧集 安全警长啦咘啦哆 S02E29 - 剧情简介: 无(0字符), 标题: 有(5字符)
【INFO】2025-11-18 11:20:58,220 - tmdbstoryliner - 检查本地剧集信息 219799_S02E29:
【INFO】2025-11-18 11:20:58,221 - tmdbstoryliner -   本地剧情简介: 不存在 (0 字符)
【INFO】2025-11-18 11:20:58,222 - tmdbstoryliner -   本地标题: 存在 (5 字符)
【INFO】2025-11-18 11:20:58,222 - tmdbstoryliner -   TMDB剧情简介: 不存在 (0 字符)
【INFO】2025-11-18 11:20:58,223 - tmdbstoryliner -   TMDB标题: 存在 (5 字符)
【INFO】2025-11-18 11:20:58,284 - tmdbstoryliner - 跳过更新 安全警长啦咘啦哆 S02E29 - 内容已是中文或无需更新
【INFO】2025-11-18 11:20:58,414 - tmdbstoryliner - 正在处理 安全警长啦咘啦哆 S02E30
【INFO】2025-11-18 11:20:59,309 - tmdbstoryliner - 剧集 安全警长啦咘啦哆 S02E30 - 剧情简介: 无(0字符), 标题: 有(4字符)
【INFO】2025-11-18 11:20:59,317 - tmdbstoryliner - 检查本地剧集信息 219799_S02E30:
【INFO】2025-11-18 11:20:59,317 - tmdbstoryliner -   本地剧情简介: 不存在 (0 字符)
【INFO】2025-11-18 11:20:59,317 - tmdbstoryliner -   本地标题: 存在 (4 字符)
【INFO】2025-11-18 11:20:59,318 - tmdbstoryliner -   TMDB剧情简介: 不存在 (0 字符)
【INFO】2025-11-18 11:20:59,318 - tmdbstoryliner -   TMDB标题: 存在 (4 字符)
【INFO】2025-11-18 11:20:59,349 - tmdbstoryliner - 跳过更新 安全警长啦咘啦哆 S02E30 - 内容已是中文或无需更新
【INFO】2025-11-18 11:20:59,405 - tmdbstoryliner - 正在处理 安全警长啦咘啦哆 S02E31
【INFO】2025-11-18 11:21:00,266 - tmdbstoryliner - 剧集 安全警长啦咘啦哆 S02E31 - 剧情简介: 无(0字符), 标题: 有(4字符)
【INFO】2025-11-18 11:21:00,274 - tmdbstoryliner - 检查本地剧集信息 219799_S02E31:
【INFO】2025-11-18 11:21:00,275 - tmdbstoryliner -   本地剧情简介: 不存在 (0 字符)
【INFO】2025-11-18 11:21:00,275 - tmdbstoryliner -   本地标题: 存在 (4 字符)
【INFO】2025-11-18 11:21:00,276 - tmdbstoryliner -   TMDB剧情简介: 不存在 (0 字符)
【INFO】2025-11-18 11:21:00,276 - tmdbstoryliner -   TMDB标题: 存在 (4 字符)
【INFO】2025-11-18 11:21:00,319 - tmdbstoryliner - 跳过更新 安全警长啦咘啦哆 S02E31 - 内容已是中文或无需更新
【INFO】2025-11-18 11:21:00,381 - tmdbstoryliner - 正在处理 安全警长啦咘啦哆 S02E32
【INFO】2025-11-18 11:21:01,318 - tmdbstoryliner - 剧集 安全警长啦咘啦哆 S02E32 - 剧情简介: 无(0字符), 标题: 有(5字符)
【INFO】2025-11-18 11:21:01,330 - tmdbstoryliner - 检查本地剧集信息 219799_S02E32:
【INFO】2025-11-18 11:21:01,331 - tmdbstoryliner -   本地剧情简介: 不存在 (0 字符)
【INFO】2025-11-18 11:21:01,332 - tmdbstoryliner -   本地标题: 存在 (5 字符)
【INFO】2025-11-18 11:21:01,332 - tmdbstoryliner -   TMDB剧情简介: 不存在 (0 字符)
【INFO】2025-11-18 11:21:01,333 - tmdbstoryliner -   TMDB标题: 存在 (5 字符)
【INFO】2025-11-18 11:21:01,446 - tmdbstoryliner - 跳过更新 安全警长啦咘啦哆 S02E32 - 内容已是中文或无需更新
【INFO】2025-11-18 11:21:01,593 - tmdbstoryliner - 正在处理 安全警长啦咘啦哆 S02E33
【INFO】2025-11-18 11:21:02,595 - tmdbstoryliner - 剧集 安全警长啦咘啦哆 S02E33 - 剧情简介: 无(0字符), 标题: 有(5字符)
【INFO】2025-11-18 11:21:02,607 - tmdbstoryliner - 检查本地剧集信息 219799_S02E33:
【INFO】2025-11-18 11:21:02,608 - tmdbstoryliner -   本地剧情简介: 不存在 (0 字符)
【INFO】2025-11-18 11:21:02,609 - tmdbstoryliner -   本地标题: 存在 (5 字符)
【INFO】2025-11-18 11:21:02,609 - tmdbstoryliner -   TMDB剧情简介: 不存在 (0 字符)
【INFO】2025-11-18 11:21:02,610 - tmdbstoryliner -   TMDB标题: 存在 (5 字符)
【INFO】2025-11-18 11:21:02,669 - tmdbstoryliner - 跳过更新 安全警长啦咘啦哆 S02E33 - 内容已是中文或无需更新
【INFO】2025-11-18 11:21:02,746 - tmdbstoryliner - 正在处理 安全警长啦咘啦哆 S02E34
【INFO】2025-11-18 11:21:03,531 - tmdbstoryliner - 剧集 安全警长啦咘啦哆 S02E34 - 剧情简介: 无(0字符), 标题: 有(3字符)
【INFO】2025-11-18 11:21:03,542 - tmdbstoryliner - 检查本地剧集信息 219799_S02E34:
【INFO】2025-11-18 11:21:03,543 - tmdbstoryliner -   本地剧情简介: 不存在 (0 字符)
【INFO】2025-11-18 11:21:03,543 - tmdbstoryliner -   本地标题: 存在 (3 字符)
【INFO】2025-11-18 11:21:03,544 - tmdbstoryliner -   TMDB剧情简介: 不存在 (0 字符)
【INFO】2025-11-18 11:21:03,544 - tmdbstoryliner -   TMDB标题: 存在 (3 字符)
【INFO】2025-11-18 11:21:03,590 - tmdbstoryliner - 跳过更新 安全警长啦咘啦哆 S02E34 - 内容已是中文或无需更新
【INFO】2025-11-18 11:21:03,706 - tmdbstoryliner - 正在处理 安全警长啦咘啦哆 S02E35
【INFO】2025-11-18 11:21:04,875 - tmdbstoryliner - 剧集 安全警长啦咘啦哆 S02E35 - 剧情简介: 无(0字符), 标题: 有(7字符)
【INFO】2025-11-18 11:21:04,888 - tmdbstoryliner - 检查本地剧集信息 219799_S02E35:
【INFO】2025-11-18 11:21:04,889 - tmdbstoryliner -   本地剧情简介: 不存在 (0 字符)
【INFO】2025-11-18 11:21:04,890 - tmdbstoryliner -   本地标题: 存在 (7 字符)
【INFO】2025-11-18 11:21:04,891 - tmdbstoryliner -   TMDB剧情简介: 不存在 (0 字符)
【INFO】2025-11-18 11:21:04,891 - tmdbstoryliner -   TMDB标题: 存在 (7 字符)
【INFO】2025-11-18 11:21:04,980 - tmdbstoryliner - 跳过更新 安全警长啦咘啦哆 S02E35 - 内容已是中文或无需更新
【INFO】2025-11-18 11:21:05,036 - tmdbstoryliner - 正在处理 安全警长啦咘啦哆 第3季，共20集
【INFO】2025-11-18 11:21:05,037 - tmdbstoryliner - 正在处理 安全警长啦咘啦哆 S03E01
【WARNING】2025-11-18 11:21:35,069 - tmdbstoryliner - 第1次获取中文剧集详情失败: HTTPSConnectionPool(host='api.themoviedb.org', port=443): Max retries exceeded with url: /3/tv/219799/season/3/episode/1?api_key=a5a301830d0badfac44af99aee3dc96c&language=zh-CN (Caused by ConnectTimeoutError(<urllib3.connection.HTTPSConnection object at 0x7fe3306062a0>, 'Connection to api.themoviedb.org timed out. (connect timeout=30)'))
【INFO】2025-11-18 11:21:40,556 - tmdbstoryliner - 剧集 安全警长啦咘啦哆 S03E01 - 剧情简介: 有(49字符), 标题: 有(5字符)
【INFO】2025-11-18 11:21:40,572 - tmdbstoryliner - 检查本地剧集信息 219799_S03E01:
【INFO】2025-11-18 11:21:40,573 - tmdbstoryliner -   本地剧情简介: 存在 (49 字符)
【INFO】2025-11-18 11:21:40,573 - tmdbstoryliner -   本地标题: 存在 (5 字符)
【INFO】2025-11-18 11:21:40,574 - tmdbstoryliner -   TMDB剧情简介: 存在 (49 字符)
【INFO】2025-11-18 11:21:40,574 - tmdbstoryliner -   TMDB标题: 存在 (5 字符)
【INFO】2025-11-18 11:21:40,631 - tmdbstoryliner - 跳过更新 安全警长啦咘啦哆 S03E01 - 内容已是中文或无需更新
【INFO】2025-11-18 11:21:40,692 - tmdbstoryliner - 正在处理 安全警长啦咘啦哆 S03E02
【INFO】2025-11-18 11:21:41,287 - tmdbstoryliner - 剧集 安全警长啦咘啦哆 S03E02 - 剧情简介: 有(65字符), 标题: 有(7字符)
【INFO】2025-11-18 11:21:41,300 - tmdbstoryliner - 检查本地剧集信息 219799_S03E02:
【INFO】2025-11-18 11:21:41,300 - tmdbstoryliner -   本地剧情简介: 存在 (65 字符)
【INFO】2025-11-18 11:21:41,301 - tmdbstoryliner -   本地标题: 存在 (7 字符)
【INFO】2025-11-18 11:21:41,302 - tmdbstoryliner -   TMDB剧情简介: 存在 (65 字符)
【INFO】2025-11-18 11:21:41,302 - tmdbstoryliner -   TMDB标题: 存在 (7 字符)
【INFO】2025-11-18 11:21:41,352 - tmdbstoryliner - 跳过更新 安全警长啦咘啦哆 S03E02 - 内容已是中文或无需更新
【INFO】2025-11-18 11:21:41,441 - tmdbstoryliner - 正在处理 安全警长啦咘啦哆 S03E03
【INFO】2025-11-18 11:21:41,915 - tmdbstoryliner - 剧集 安全警长啦咘啦哆 S03E03 - 剧情简介: 有(68字符), 标题: 有(7字符)
【INFO】2025-11-18 11:21:41,922 - tmdbstoryliner - 检查本地剧集信息 219799_S03E03:
【INFO】2025-11-18 11:21:41,923 - tmdbstoryliner -   本地剧情简介: 存在 (68 字符)
【INFO】2025-11-18 11:21:41,923 - tmdbstoryliner -   本地标题: 存在 (7 字符)
【INFO】2025-11-18 11:21:41,923 - tmdbstoryliner -   TMDB剧情简介: 存在 (68 字符)
【INFO】2025-11-18 11:21:41,924 - tmdbstoryliner -   TMDB标题: 存在 (7 字符)
【INFO】2025-11-18 11:21:41,952 - tmdbstoryliner - 跳过更新 安全警长啦咘啦哆 S03E03 - 内容已是中文或无需更新
【INFO】2025-11-18 11:21:42,007 - tmdbstoryliner - 正在处理 安全警长啦咘啦哆 S03E04
【INFO】2025-11-18 11:21:42,484 - tmdbstoryliner - 剧集 安全警长啦咘啦哆 S03E04 - 剧情简介: 有(62字符), 标题: 有(6字符)
【INFO】2025-11-18 11:21:42,498 - tmdbstoryliner - 检查本地剧集信息 219799_S03E04:
【INFO】2025-11-18 11:21:42,499 - tmdbstoryliner -   本地剧情简介: 存在 (62 字符)
【INFO】2025-11-18 11:21:42,499 - tmdbstoryliner -   本地标题: 存在 (6 字符)
【INFO】2025-11-18 11:21:42,499 - tmdbstoryliner -   TMDB剧情简介: 存在 (62 字符)
【INFO】2025-11-18 11:21:42,499 - tmdbstoryliner -   TMDB标题: 存在 (6 字符)
【INFO】2025-11-18 11:21:42,547 - tmdbstoryliner - 跳过更新 安全警长啦咘啦哆 S03E04 - 内容已是中文或无需更新
【INFO】2025-11-18 11:21:42,613 - tmdbstoryliner - 正在处理 安全警长啦咘啦哆 S03E05
【INFO】2025-11-18 11:21:43,351 - tmdbstoryliner - 剧集 安全警长啦咘啦哆 S03E05 - 剧情简介: 有(63字符), 标题: 有(6字符)
【INFO】2025-11-18 11:21:43,359 - tmdbstoryliner - 检查本地剧集信息 219799_S03E05:
【INFO】2025-11-18 11:21:43,361 - tmdbstoryliner -   本地剧情简介: 存在 (63 字符)
【INFO】2025-11-18 11:21:43,361 - tmdbstoryliner -   本地标题: 存在 (6 字符)
【INFO】2025-11-18 11:21:43,362 - tmdbstoryliner -   TMDB剧情简介: 存在 (63 字符)
【INFO】2025-11-18 11:21:43,362 - tmdbstoryliner -   TMDB标题: 存在 (6 字符)
【INFO】2025-11-18 11:21:43,390 - tmdbstoryliner - 跳过更新 安全警长啦咘啦哆 S03E05 - 内容已是中文或无需更新
【INFO】2025-11-18 11:21:43,456 - tmdbstoryliner - 正在处理 安全警长啦咘啦哆 S03E06
【INFO】2025-11-18 11:21:44,217 - tmdbstoryliner - 剧集 安全警长啦咘啦哆 S03E06 - 剧情简介: 有(54字符), 标题: 有(5字符)
【INFO】2025-11-18 11:21:44,228 - tmdbstoryliner - 检查本地剧集信息 219799_S03E06:
【INFO】2025-11-18 11:21:44,228 - tmdbstoryliner -   本地剧情简介: 存在 (54 字符)
【INFO】2025-11-18 11:21:44,229 - tmdbstoryliner -   本地标题: 存在 (5 字符)
【INFO】2025-11-18 11:21:44,229 - tmdbstoryliner -   TMDB剧情简介: 存在 (54 字符)
【INFO】2025-11-18 11:21:44,230 - tmdbstoryliner -   TMDB标题: 存在 (5 字符)
【INFO】2025-11-18 11:21:44,261 - tmdbstoryliner - 跳过更新 安全警长啦咘啦哆 S03E06 - 内容已是中文或无需更新
【INFO】2025-11-18 11:21:44,322 - tmdbstoryliner - 正在处理 安全警长啦咘啦哆 S03E07
【INFO】2025-11-18 11:21:44,736 - tmdbstoryliner - 剧集 安全警长啦咘啦哆 S03E07 - 剧情简介: 有(61字符), 标题: 有(7字符)
【INFO】2025-11-18 11:21:44,746 - tmdbstoryliner - 检查本地剧集信息 219799_S03E07:
【INFO】2025-11-18 11:21:44,747 - tmdbstoryliner -   本地剧情简介: 存在 (61 字符)
【INFO】2025-11-18 11:21:44,747 - tmdbstoryliner -   本地标题: 存在 (7 字符)
【INFO】2025-11-18 11:21:44,748 - tmdbstoryliner -   TMDB剧情简介: 存在 (61 字符)
【INFO】2025-11-18 11:21:44,748 - tmdbstoryliner -   TMDB标题: 存在 (7 字符)
【INFO】2025-11-18 11:21:44,789 - tmdbstoryliner - 跳过更新 安全警长啦咘啦哆 S03E07 - 内容已是中文或无需更新
【INFO】2025-11-18 11:21:44,854 - tmdbstoryliner - 正在处理 安全警长啦咘啦哆 S03E08
【INFO】2025-11-18 11:21:45,261 - tmdbstoryliner - 剧集 安全警长啦咘啦哆 S03E08 - 剧情简介: 有(64字符), 标题: 有(5字符)
【INFO】2025-11-18 11:21:45,273 - tmdbstoryliner - 检查本地剧集信息 219799_S03E08:
【INFO】2025-11-18 11:21:45,274 - tmdbstoryliner -   本地剧情简介: 存在 (64 字符)
【INFO】2025-11-18 11:21:45,275 - tmdbstoryliner -   本地标题: 存在 (5 字符)
【INFO】2025-11-18 11:21:45,276 - tmdbstoryliner -   TMDB剧情简介: 存在 (64 字符)
【INFO】2025-11-18 11:21:45,276 - tmdbstoryliner -   TMDB标题: 存在 (5 字符)
【INFO】2025-11-18 11:21:45,312 - tmdbstoryliner - 跳过更新 安全警长啦咘啦哆 S03E08 - 内容已是中文或无需更新
【INFO】2025-11-18 11:21:45,368 - tmdbstoryliner - 正在处理 安全警长啦咘啦哆 S03E09
【INFO】2025-11-18 11:21:45,775 - tmdbstoryliner - 剧集 安全警长啦咘啦哆 S03E09 - 剧情简介: 有(69字符), 标题: 有(4字符)
【INFO】2025-11-18 11:21:45,782 - tmdbstoryliner - 检查本地剧集信息 219799_S03E09:
【INFO】2025-11-18 11:21:45,782 - tmdbstoryliner -   本地剧情简介: 存在 (69 字符)
【INFO】2025-11-18 11:21:45,782 - tmdbstoryliner -   本地标题: 存在 (4 字符)
【INFO】2025-11-18 11:21:45,783 - tmdbstoryliner -   TMDB剧情简介: 存在 (69 字符)
【INFO】2025-11-18 11:21:45,783 - tmdbstoryliner -   TMDB标题: 存在 (4 字符)
【INFO】2025-11-18 11:21:45,811 - tmdbstoryliner - 跳过更新 安全警长啦咘啦哆 S03E09 - 内容已是中文或无需更新
【INFO】2025-11-18 11:21:45,867 - tmdbstoryliner - 正在处理 安全警长啦咘啦哆 S03E10
【INFO】2025-11-18 11:21:46,348 - tmdbstoryliner - 剧集 安全警长啦咘啦哆 S03E10 - 剧情简介: 有(76字符), 标题: 有(7字符)
【INFO】2025-11-18 11:21:46,356 - tmdbstoryliner - 检查本地剧集信息 219799_S03E10:
【INFO】2025-11-18 11:21:46,356 - tmdbstoryliner -   本地剧情简介: 存在 (76 字符)
【INFO】2025-11-18 11:21:46,356 - tmdbstoryliner -   本地标题: 存在 (7 字符)
【INFO】2025-11-18 11:21:46,357 - tmdbstoryliner -   TMDB剧情简介: 存在 (76 字符)
【INFO】2025-11-18 11:21:46,357 - tmdbstoryliner -   TMDB标题: 存在 (7 字符)
【INFO】2025-11-18 11:21:46,391 - tmdbstoryliner - 跳过更新 安全警长啦咘啦哆 S03E10 - 内容已是中文或无需更新
【INFO】2025-11-18 11:21:46,451 - tmdbstoryliner - 正在处理 安全警长啦咘啦哆 S03E11
【INFO】2025-11-18 11:21:47,456 - tmdbstoryliner - 剧集 安全警长啦咘啦哆 S03E11 - 剧情简介: 有(45字符), 标题: 有(6字符)
【INFO】2025-11-18 11:21:47,464 - tmdbstoryliner - 检查本地剧集信息 219799_S03E11:
【INFO】2025-11-18 11:21:47,465 - tmdbstoryliner -   本地剧情简介: 存在 (45 字符)
【INFO】2025-11-18 11:21:47,465 - tmdbstoryliner -   本地标题: 存在 (6 字符)
【INFO】2025-11-18 11:21:47,465 - tmdbstoryliner -   TMDB剧情简介: 存在 (45 字符)
【INFO】2025-11-18 11:21:47,466 - tmdbstoryliner -   TMDB标题: 存在 (6 字符)
【INFO】2025-11-18 11:21:47,496 - tmdbstoryliner - 跳过更新 安全警长啦咘啦哆 S03E11 - 内容已是中文或无需更新
【INFO】2025-11-18 11:21:47,553 - tmdbstoryliner - 正在处理 安全警长啦咘啦哆 S03E12
【INFO】2025-11-18 11:21:48,031 - tmdbstoryliner - 剧集 安全警长啦咘啦哆 S03E12 - 剧情简介: 有(72字符), 标题: 有(4字符)
【INFO】2025-11-18 11:21:48,038 - tmdbstoryliner - 检查本地剧集信息 219799_S03E12:
【INFO】2025-11-18 11:21:48,038 - tmdbstoryliner -   本地剧情简介: 存在 (72 字符)
【INFO】2025-11-18 11:21:48,038 - tmdbstoryliner -   本地标题: 存在 (4 字符)
【INFO】2025-11-18 11:21:48,039 - tmdbstoryliner -   TMDB剧情简介: 存在 (72 字符)
【INFO】2025-11-18 11:21:48,039 - tmdbstoryliner -   TMDB标题: 存在 (4 字符)
【INFO】2025-11-18 11:21:48,072 - tmdbstoryliner - 跳过更新 安全警长啦咘啦哆 S03E12 - 内容已是中文或无需更新
【INFO】2025-11-18 11:21:48,127 - tmdbstoryliner - 正在处理 安全警长啦咘啦哆 S03E13
【INFO】2025-11-18 11:21:48,932 - tmdbstoryliner - 剧集 安全警长啦咘啦哆 S03E13 - 剧情简介: 有(68字符), 标题: 有(4字符)
【INFO】2025-11-18 11:21:48,944 - tmdbstoryliner - 检查本地剧集信息 219799_S03E13:
【INFO】2025-11-18 11:21:48,945 - tmdbstoryliner -   本地剧情简介: 存在 (68 字符)
【INFO】2025-11-18 11:21:48,946 - tmdbstoryliner -   本地标题: 存在 (4 字符)
【INFO】2025-11-18 11:21:48,946 - tmdbstoryliner -   TMDB剧情简介: 存在 (68 字符)
【INFO】2025-11-18 11:21:48,947 - tmdbstoryliner -   TMDB标题: 存在 (4 字符)
【INFO】2025-11-18 11:21:48,999 - tmdbstoryliner - 跳过更新 安全警长啦咘啦哆 S03E13 - 内容已是中文或无需更新
【INFO】2025-11-18 11:21:49,054 - tmdbstoryliner - 正在处理 安全警长啦咘啦哆 S03E14
【INFO】2025-11-18 11:21:49,531 - tmdbstoryliner - 剧集 安全警长啦咘啦哆 S03E14 - 剧情简介: 有(66字符), 标题: 有(7字符)
【INFO】2025-11-18 11:21:49,540 - tmdbstoryliner - 检查本地剧集信息 219799_S03E14:
【INFO】2025-11-18 11:21:49,540 - tmdbstoryliner -   本地剧情简介: 存在 (66 字符)
【INFO】2025-11-18 11:21:49,541 - tmdbstoryliner -   本地标题: 存在 (7 字符)
【INFO】2025-11-18 11:21:49,541 - tmdbstoryliner -   TMDB剧情简介: 存在 (66 字符)
【INFO】2025-11-18 11:21:49,542 - tmdbstoryliner -   TMDB标题: 存在 (7 字符)
【INFO】2025-11-18 11:21:49,577 - tmdbstoryliner - 跳过更新 安全警长啦咘啦哆 S03E14 - 内容已是中文或无需更新
【INFO】2025-11-18 11:21:49,639 - tmdbstoryliner - 正在处理 安全警长啦咘啦哆 S03E15
【WARNING】2025-11-18 11:22:19,670 - tmdbstoryliner - 第1次获取中文剧集详情失败: HTTPSConnectionPool(host='api.themoviedb.org', port=443): Max retries exceeded with url: /3/tv/219799/season/3/episode/15?api_key=a5a301830d0badfac44af99aee3dc96c&language=zh-CN (Caused by ConnectTimeoutError(<urllib3.connection.HTTPSConnection object at 0x7fe3407a3770>, 'Connection to api.themoviedb.org timed out. (connect timeout=30)'))
【INFO】2025-11-18 11:22:25,335 - tmdbstoryliner - 剧集 安全警长啦咘啦哆 S03E15 - 剧情简介: 有(47字符), 标题: 有(5字符)
【INFO】2025-11-18 11:22:25,357 - tmdbstoryliner - 检查本地剧集信息 219799_S03E15:
【INFO】2025-11-18 11:22:25,358 - tmdbstoryliner -   本地剧情简介: 存在 (47 字符)
【INFO】2025-11-18 11:22:25,359 - tmdbstoryliner -   本地标题: 存在 (5 字符)
【INFO】2025-11-18 11:22:25,360 - tmdbstoryliner -   TMDB剧情简介: 存在 (47 字符)
【INFO】2025-11-18 11:22:25,361 - tmdbstoryliner -   TMDB标题: 存在 (5 字符)
【INFO】2025-11-18 11:22:25,436 - tmdbstoryliner - 跳过更新 安全警长啦咘啦哆 S03E15 - 内容已是中文或无需更新
【INFO】2025-11-18 11:22:25,518 - tmdbstoryliner - 正在处理 安全警长啦咘啦哆 S03E16
【INFO】2025-11-18 11:22:25,998 - tmdbstoryliner - 剧集 安全警长啦咘啦哆 S03E16 - 剧情简介: 有(57字符), 标题: 有(4字符)
【INFO】2025-11-18 11:22:26,009 - tmdbstoryliner - 检查本地剧集信息 219799_S03E16:
【INFO】2025-11-18 11:22:26,009 - tmdbstoryliner -   本地剧情简介: 存在 (57 字符)
【INFO】2025-11-18 11:22:26,010 - tmdbstoryliner -   本地标题: 存在 (4 字符)
【INFO】2025-11-18 11:22:26,010 - tmdbstoryliner -   TMDB剧情简介: 存在 (57 字符)
【INFO】2025-11-18 11:22:26,011 - tmdbstoryliner -   TMDB标题: 存在 (4 字符)
【INFO】2025-11-18 11:22:26,051 - tmdbstoryliner - 跳过更新 安全警长啦咘啦哆 S03E16 - 内容已是中文或无需更新
【INFO】2025-11-18 11:22:26,110 - tmdbstoryliner - 正在处理 安全警长啦咘啦哆 S03E17
【INFO】2025-11-18 11:22:26,577 - tmdbstoryliner - 剧集 安全警长啦咘啦哆 S03E17 - 剧情简介: 有(49字符), 标题: 有(5字符)
【INFO】2025-11-18 11:22:26,587 - tmdbstoryliner - 检查本地剧集信息 219799_S03E17:
【INFO】2025-11-18 11:22:26,587 - tmdbstoryliner -   本地剧情简介: 存在 (49 字符)
【INFO】2025-11-18 11:22:26,588 - tmdbstoryliner -   本地标题: 存在 (5 字符)
【INFO】2025-11-18 11:22:26,588 - tmdbstoryliner -   TMDB剧情简介: 存在 (49 字符)
【INFO】2025-11-18 11:22:26,589 - tmdbstoryliner -   TMDB标题: 存在 (5 字符)
【INFO】2025-11-18 11:22:26,632 - tmdbstoryliner - 跳过更新 安全警长啦咘啦哆 S03E17 - 内容已是中文或无需更新
【INFO】2025-11-18 11:22:26,692 - tmdbstoryliner - 正在处理 安全警长啦咘啦哆 S03E18
【INFO】2025-11-18 11:22:27,185 - tmdbstoryliner - 剧集 安全警长啦咘啦哆 S03E18 - 剧情简介: 有(63字符), 标题: 有(7字符)
【INFO】2025-11-18 11:22:27,195 - tmdbstoryliner - 检查本地剧集信息 219799_S03E18:
【INFO】2025-11-18 11:22:27,195 - tmdbstoryliner -   本地剧情简介: 存在 (63 字符)
【INFO】2025-11-18 11:22:27,196 - tmdbstoryliner -   本地标题: 存在 (7 字符)
【INFO】2025-11-18 11:22:27,196 - tmdbstoryliner -   TMDB剧情简介: 存在 (63 字符)
【INFO】2025-11-18 11:22:27,197 - tmdbstoryliner -   TMDB标题: 存在 (7 字符)
【INFO】2025-11-18 11:22:27,246 - tmdbstoryliner - 跳过更新 安全警长啦咘啦哆 S03E18 - 内容已是中文或无需更新
【INFO】2025-11-18 11:22:27,302 - tmdbstoryliner - 正在处理 安全警长啦咘啦哆 S03E19
【INFO】2025-11-18 11:22:27,767 - tmdbstoryliner - 剧集 安全警长啦咘啦哆 S03E19 - 剧情简介: 有(58字符), 标题: 有(6字符)
【INFO】2025-11-18 11:22:27,774 - tmdbstoryliner - 检查本地剧集信息 219799_S03E19:
【INFO】2025-11-18 11:22:27,774 - tmdbstoryliner -   本地剧情简介: 存在 (58 字符)
【INFO】2025-11-18 11:22:27,774 - tmdbstoryliner -   本地标题: 存在 (6 字符)
【INFO】2025-11-18 11:22:27,775 - tmdbstoryliner -   TMDB剧情简介: 存在 (58 字符)
【INFO】2025-11-18 11:22:27,775 - tmdbstoryliner -   TMDB标题: 存在 (6 字符)
【INFO】2025-11-18 11:22:27,802 - tmdbstoryliner - 跳过更新 安全警长啦咘啦哆 S03E19 - 内容已是中文或无需更新
【INFO】2025-11-18 11:22:27,858 - tmdbstoryliner - 正在处理 安全警长啦咘啦哆 S03E20
【INFO】2025-11-18 11:22:28,322 - tmdbstoryliner - 剧集 安全警长啦咘啦哆 S03E20 - 剧情简介: 有(54字符), 标题: 有(5字符)
【INFO】2025-11-18 11:22:28,331 - tmdbstoryliner - 检查本地剧集信息 219799_S03E20:
【INFO】2025-11-18 11:22:28,332 - tmdbstoryliner -   本地剧情简介: 存在 (54 字符)
【INFO】2025-11-18 11:22:28,333 - tmdbstoryliner -   本地标题: 存在 (5 字符)
【INFO】2025-11-18 11:22:28,333 - tmdbstoryliner -   TMDB剧情简介: 存在 (54 字符)
【INFO】2025-11-18 11:22:28,334 - tmdbstoryliner -   TMDB标题: 存在 (5 字符)
【INFO】2025-11-18 11:22:28,372 - tmdbstoryliner - 跳过更新 安全警长啦咘啦哆 S03E20 - 内容已是中文或无需更新
【INFO】2025-11-18 11:22:28,436 - tmdbstoryliner - 开始处理电视剧: 霸王龙雷奇
【INFO】2025-11-18 11:22:28,997 - tmdbstoryliner - 在电视剧 霸王龙雷奇 中找到 2 个季
【INFO】2025-11-18 11:22:29,031 - tmdbstoryliner - 正在处理 霸王龙雷奇 第1季，共52集
【INFO】2025-11-18 11:22:29,031 - tmdbstoryliner - 正在处理 霸王龙雷奇 S01E01
【INFO】2025-11-18 11:22:30,174 - tmdbstoryliner - 剧集 霸王龙雷奇 S01E01 - 剧情简介: 无(0字符), 标题: 有(4字符)
【INFO】2025-11-18 11:22:30,185 - tmdbstoryliner - 检查本地剧集信息 238744_S01E01:
【INFO】2025-11-18 11:22:30,185 - tmdbstoryliner -   本地剧情简介: 不存在 (0 字符)
【INFO】2025-11-18 11:22:30,186 - tmdbstoryliner -   本地标题: 存在 (4 字符)
【INFO】2025-11-18 11:22:30,186 - tmdbstoryliner -   TMDB剧情简介: 不存在 (0 字符)
【INFO】2025-11-18 11:22:30,186 - tmdbstoryliner -   TMDB标题: 存在 (4 字符)
【INFO】2025-11-18 11:22:30,222 - tmdbstoryliner - 跳过更新 霸王龙雷奇 S01E01 - 内容已是中文或无需更新
【INFO】2025-11-18 11:22:30,281 - tmdbstoryliner - 正在处理 霸王龙雷奇 S01E02
【INFO】2025-11-18 11:22:31,338 - tmdbstoryliner - 剧集 霸王龙雷奇 S01E02 - 剧情简介: 无(0字符), 标题: 有(5字符)
【INFO】2025-11-18 11:22:31,353 - tmdbstoryliner - 检查本地剧集信息 238744_S01E02:
【INFO】2025-11-18 11:22:31,354 - tmdbstoryliner -   本地剧情简介: 不存在 (0 字符)
【INFO】2025-11-18 11:22:31,355 - tmdbstoryliner -   本地标题: 存在 (5 字符)
【INFO】2025-11-18 11:22:31,355 - tmdbstoryliner -   TMDB剧情简介: 不存在 (0 字符)
【INFO】2025-11-18 11:22:31,356 - tmdbstoryliner -   TMDB标题: 存在 (5 字符)
【INFO】2025-11-18 11:22:31,404 - tmdbstoryliner - 跳过更新 霸王龙雷奇 S01E02 - 内容已是中文或无需更新
【INFO】2025-11-18 11:22:31,460 - tmdbstoryliner - 正在处理 霸王龙雷奇 S01E03
【INFO】2025-11-18 11:22:32,462 - tmdbstoryliner - 剧集 霸王龙雷奇 S01E03 - 剧情简介: 无(0字符), 标题: 有(5字符)
【INFO】2025-11-18 11:22:32,474 - tmdbstoryliner - 检查本地剧集信息 238744_S01E03:
【INFO】2025-11-18 11:22:32,475 - tmdbstoryliner -   本地剧情简介: 不存在 (0 字符)
【INFO】2025-11-18 11:22:32,475 - tmdbstoryliner -   本地标题: 存在 (5 字符)
【INFO】2025-11-18 11:22:32,476 - tmdbstoryliner -   TMDB剧情简介: 不存在 (0 字符)
【INFO】2025-11-18 11:22:32,476 - tmdbstoryliner -   TMDB标题: 存在 (5 字符)
【INFO】2025-11-18 11:22:32,516 - tmdbstoryliner - 跳过更新 霸王龙雷奇 S01E03 - 内容已是中文或无需更新
【INFO】2025-11-18 11:22:32,631 - tmdbstoryliner - 正在处理 霸王龙雷奇 S01E04
【INFO】2025-11-18 11:22:33,790 - tmdbstoryliner - 剧集 霸王龙雷奇 S01E04 - 剧情简介: 无(0字符), 标题: 有(6字符)
【INFO】2025-11-18 11:22:33,801 - tmdbstoryliner - 检查本地剧集信息 238744_S01E04:
【INFO】2025-11-18 11:22:33,802 - tmdbstoryliner -   本地剧情简介: 不存在 (0 字符)
【INFO】2025-11-18 11:22:33,802 - tmdbstoryliner -   本地标题: 存在 (6 字符)
【INFO】2025-11-18 11:22:33,803 - tmdbstoryliner -   TMDB剧情简介: 不存在 (0 字符)
【INFO】2025-11-18 11:22:33,804 - tmdbstoryliner -   TMDB标题: 存在 (6 字符)
【INFO】2025-11-18 11:22:33,857 - tmdbstoryliner - 跳过更新 霸王龙雷奇 S01E04 - 内容已是中文或无需更新
【INFO】2025-11-18 11:22:33,913 - tmdbstoryliner - 正在处理 霸王龙雷奇 S01E05
【INFO】2025-11-18 11:22:35,000 - tmdbstoryliner - 剧集 霸王龙雷奇 S01E05 - 剧情简介: 无(0字符), 标题: 有(4字符)
【INFO】2025-11-18 11:22:35,018 - tmdbstoryliner - 检查本地剧集信息 238744_S01E05:
【INFO】2025-11-18 11:22:35,019 - tmdbstoryliner -   本地剧情简介: 不存在 (0 字符)
【INFO】2025-11-18 11:22:35,021 - tmdbstoryliner -   本地标题: 存在 (4 字符)
【INFO】2025-11-18 11:22:35,024 - tmdbstoryliner -   TMDB剧情简介: 不存在 (0 字符)
【INFO】2025-11-18 11:22:35,024 - tmdbstoryliner -   TMDB标题: 存在 (4 字符)
【INFO】2025-11-18 11:22:35,053 - tmdbstoryliner - 跳过更新 霸王龙雷奇 S01E05 - 内容已是中文或无需更新
【INFO】2025-11-18 11:22:35,110 - tmdbstoryliner - 正在处理 霸王龙雷奇 S01E06
【INFO】2025-11-18 11:22:36,889 - tmdbstoryliner - 剧集 霸王龙雷奇 S01E06 - 剧情简介: 无(0字符), 标题: 有(7字符)
【INFO】2025-11-18 11:22:36,902 - tmdbstoryliner - 检查本地剧集信息 238744_S01E06:
【INFO】2025-11-18 11:22:36,903 - tmdbstoryliner -   本地剧情简介: 不存在 (0 字符)
【INFO】2025-11-18 11:22:36,904 - tmdbstoryliner -   本地标题: 存在 (7 字符)
【INFO】2025-11-18 11:22:36,905 - tmdbstoryliner -   TMDB剧情简介: 不存在 (0 字符)
【INFO】2025-11-18 11:22:36,905 - tmdbstoryliner -   TMDB标题: 存在 (7 字符)
【INFO】2025-11-18 11:22:36,960 - tmdbstoryliner - 跳过更新 霸王龙雷奇 S01E06 - 内容已是中文或无需更新
【INFO】2025-11-18 11:22:37,016 - tmdbstoryliner - 正在处理 霸王龙雷奇 S01E07
【INFO】2025-11-18 11:22:38,062 - tmdbstoryliner - 剧集 霸王龙雷奇 S01E07 - 剧情简介: 无(0字符), 标题: 有(5字符)
【INFO】2025-11-18 11:22:38,071 - tmdbstoryliner - 检查本地剧集信息 238744_S01E07:
【INFO】2025-11-18 11:22:38,072 - tmdbstoryliner -   本地剧情简介: 不存在 (0 字符)
【INFO】2025-11-18 11:22:38,072 - tmdbstoryliner -   本地标题: 存在 (5 字符)
【INFO】2025-11-18 11:22:38,072 - tmdbstoryliner -   TMDB剧情简介: 不存在 (0 字符)
【INFO】2025-11-18 11:22:38,073 - tmdbstoryliner -   TMDB标题: 存在 (5 字符)
【INFO】2025-11-18 11:22:38,107 - tmdbstoryliner - 跳过更新 霸王龙雷奇 S01E07 - 内容已是中文或无需更新
【INFO】2025-11-18 11:22:38,165 - tmdbstoryliner - 正在处理 霸王龙雷奇 S01E08
【INFO】2025-11-18 11:22:39,240 - tmdbstoryliner - 剧集 霸王龙雷奇 S01E08 - 剧情简介: 无(0字符), 标题: 有(5字符)
【INFO】2025-11-18 11:22:39,248 - tmdbstoryliner - 检查本地剧集信息 238744_S01E08:
【INFO】2025-11-18 11:22:39,248 - tmdbstoryliner -   本地剧情简介: 不存在 (0 字符)
【INFO】2025-11-18 11:22:39,248 - tmdbstoryliner -   本地标题: 存在 (5 字符)
【INFO】2025-11-18 11:22:39,249 - tmdbstoryliner -   TMDB剧情简介: 不存在 (0 字符)
【INFO】2025-11-18 11:22:39,249 - tmdbstoryliner -   TMDB标题: 存在 (5 字符)
【INFO】2025-11-18 11:22:39,274 - tmdbstoryliner - 跳过更新 霸王龙雷奇 S01E08 - 内容已是中文或无需更新
【INFO】2025-11-18 11:22:39,331 - tmdbstoryliner - 正在处理 霸王龙雷奇 S01E09
【WARNING】2025-11-18 11:23:09,978 - tmdbstoryliner - 第1次获取英文剧集详情失败: HTTPSConnectionPool(host='api.themoviedb.org', port=443): Max retries exceeded with url: /3/tv/238744/season/1/episode/9?api_key=a5a301830d0badfac44af99aee3dc96c&language=en-US (Caused by ConnectTimeoutError(<urllib3.connection.HTTPSConnection object at 0x7fe32b7496d0>, 'Connection to api.themoviedb.org timed out. (connect timeout=30)'))
【INFO】2025-11-18 11:23:15,956 - tmdbstoryliner - 剧集 霸王龙雷奇 S01E09 - 剧情简介: 无(0字符), 标题: 有(2字符)
【INFO】2025-11-18 11:23:15,968 - tmdbstoryliner - 检查本地剧集信息 238744_S01E09:
【INFO】2025-11-18 11:23:15,969 - tmdbstoryliner -   本地剧情简介: 不存在 (0 字符)
【INFO】2025-11-18 11:23:15,969 - tmdbstoryliner -   本地标题: 存在 (2 字符)
【INFO】2025-11-18 11:23:15,970 - tmdbstoryliner -   TMDB剧情简介: 不存在 (0 字符)
【INFO】2025-11-18 11:23:15,971 - tmdbstoryliner -   TMDB标题: 存在 (2 字符)
【INFO】2025-11-18 11:23:16,031 - tmdbstoryliner - 跳过更新 霸王龙雷奇 S01E09 - 内容已是中文或无需更新
【INFO】2025-11-18 11:23:16,129 - tmdbstoryliner - 正在处理 霸王龙雷奇 S01E10
【INFO】2025-11-18 11:23:17,648 - tmdbstoryliner - 剧集 霸王龙雷奇 S01E10 - 剧情简介: 无(0字符), 标题: 有(9字符)
【INFO】2025-11-18 11:23:17,660 - tmdbstoryliner - 检查本地剧集信息 238744_S01E10:
【INFO】2025-11-18 11:23:17,661 - tmdbstoryliner -   本地剧情简介: 不存在 (0 字符)
【INFO】2025-11-18 11:23:17,662 - tmdbstoryliner -   本地标题: 存在 (10 字符)
【INFO】2025-11-18 11:23:17,662 - tmdbstoryliner -   TMDB剧情简介: 不存在 (0 字符)
【INFO】2025-11-18 11:23:17,663 - tmdbstoryliner -   TMDB标题: 存在 (9 字符)
【INFO】2025-11-18 11:23:17,664 - tmdbstoryliner - 霸王龙雷奇 S01E10 剧情简介无需翻译
【INFO】2025-11-18 11:23:17,664 - tmdbstoryliner - 霸王龙雷奇 S01E10 标题需要翻译: 智慧爷爷到底长啥样
【INFO】2025-11-18 11:23:18,060 - tmdbstoryliner - 已AI翻译 霸王龙雷奇 S01E10 标题
【INFO】2025-11-18 11:23:18,068 - tmdbstoryliner - 已更新 霸王龙雷奇 S01E10 标题和剧情简介
【INFO】2025-11-18 11:23:18,586 - tmdbstoryliner - 正在处理 霸王龙雷奇 S01E11
【INFO】2025-11-18 11:23:19,724 - tmdbstoryliner - 剧集 霸王龙雷奇 S01E11 - 剧情简介: 无(0字符), 标题: 有(4字符)
【INFO】2025-11-18 11:23:19,733 - tmdbstoryliner - 检查本地剧集信息 238744_S01E11:
【INFO】2025-11-18 11:23:19,734 - tmdbstoryliner -   本地剧情简介: 不存在 (0 字符)
【INFO】2025-11-18 11:23:19,734 - tmdbstoryliner -   本地标题: 存在 (4 字符)
【INFO】2025-11-18 11:23:19,734 - tmdbstoryliner -   TMDB剧情简介: 不存在 (0 字符)
【INFO】2025-11-18 11:23:19,735 - tmdbstoryliner -   TMDB标题: 存在 (4 字符)
【INFO】2025-11-18 11:23:19,770 - tmdbstoryliner - 跳过更新 霸王龙雷奇 S01E11 - 内容已是中文或无需更新
【INFO】2025-11-18 11:23:19,844 - tmdbstoryliner - 正在处理 霸王龙雷奇 S01E12
【INFO】2025-11-18 11:23:21,487 - tmdbstoryliner - 剧集 霸王龙雷奇 S01E12 - 剧情简介: 无(0字符), 标题: 有(5字符)
【INFO】2025-11-18 11:23:21,501 - tmdbstoryliner - 检查本地剧集信息 238744_S01E12:
【INFO】2025-11-18 11:23:21,501 - tmdbstoryliner -   本地剧情简介: 不存在 (0 字符)
【INFO】2025-11-18 11:23:21,502 - tmdbstoryliner -   本地标题: 存在 (5 字符)
【INFO】2025-11-18 11:23:21,503 - tmdbstoryliner -   TMDB剧情简介: 不存在 (0 字符)
【INFO】2025-11-18 11:23:21,503 - tmdbstoryliner -   TMDB标题: 存在 (5 字符)
【INFO】2025-11-18 11:23:21,553 - tmdbstoryliner - 跳过更新 霸王龙雷奇 S01E12 - 内容已是中文或无需更新
【INFO】2025-11-18 11:23:21,625 - tmdbstoryliner - 正在处理 霸王龙雷奇 S01E13
【INFO】2025-11-18 11:23:22,782 - tmdbstoryliner - 剧集 霸王龙雷奇 S01E13 - 剧情简介: 无(0字符), 标题: 有(5字符)
【INFO】2025-11-18 11:23:22,795 - tmdbstoryliner - 检查本地剧集信息 238744_S01E13:
【INFO】2025-11-18 11:23:22,796 - tmdbstoryliner -   本地剧情简介: 不存在 (0 字符)
【INFO】2025-11-18 11:23:22,796 - tmdbstoryliner -   本地标题: 存在 (7 字符)
【INFO】2025-11-18 11:23:22,797 - tmdbstoryliner -   TMDB剧情简介: 不存在 (0 字符)
【INFO】2025-11-18 11:23:22,797 - tmdbstoryliner -   TMDB标题: 存在 (5 字符)
【INFO】2025-11-18 11:23:22,798 - tmdbstoryliner - 霸王龙雷奇 S01E13 剧情简介无需翻译
【INFO】2025-11-18 11:23:22,799 - tmdbstoryliner - 霸王龙雷奇 S01E13 标题需要翻译: 宝宝快跟上
【INFO】2025-11-18 11:23:23,149 - tmdbstoryliner - 已AI翻译 霸王龙雷奇 S01E13 标题
【INFO】2025-11-18 11:23:23,157 - tmdbstoryliner - 已更新 霸王龙雷奇 S01E13 标题和剧情简介
【INFO】2025-11-18 11:23:23,615 - tmdbstoryliner - 正在处理 霸王龙雷奇 S01E14
【INFO】2025-11-18 11:23:24,749 - tmdbstoryliner - 剧集 霸王龙雷奇 S01E14 - 剧情简介: 无(0字符), 标题: 有(4字符)
【INFO】2025-11-18 11:23:24,757 - tmdbstoryliner - 检查本地剧集信息 238744_S01E14:
【INFO】2025-11-18 11:23:24,757 - tmdbstoryliner -   本地剧情简介: 不存在 (0 字符)
【INFO】2025-11-18 11:23:24,758 - tmdbstoryliner -   本地标题: 存在 (4 字符)
【INFO】2025-11-18 11:23:24,758 - tmdbstoryliner -   TMDB剧情简介: 不存在 (0 字符)
【INFO】2025-11-18 11:23:24,758 - tmdbstoryliner -   TMDB标题: 存在 (4 字符)
【INFO】2025-11-18 11:23:24,786 - tmdbstoryliner - 跳过更新 霸王龙雷奇 S01E14 - 内容已是中文或无需更新
【INFO】2025-11-18 11:23:24,847 - tmdbstoryliner - 正在处理 霸王龙雷奇 S01E15
【INFO】2025-11-18 11:23:26,037 - tmdbstoryliner - 剧集 霸王龙雷奇 S01E15 - 剧情简介: 无(0字符), 标题: 有(8字符)
【INFO】2025-11-18 11:23:26,050 - tmdbstoryliner - 检查本地剧集信息 238744_S01E15:
【INFO】2025-11-18 11:23:26,051 - tmdbstoryliner -   本地剧情简介: 不存在 (0 字符)
【INFO】2025-11-18 11:23:26,051 - tmdbstoryliner -   本地标题: 存在 (8 字符)
【INFO】2025-11-18 11:23:26,052 - tmdbstoryliner -   TMDB剧情简介: 不存在 (0 字符)
【INFO】2025-11-18 11:23:26,052 - tmdbstoryliner -   TMDB标题: 存在 (8 字符)
【INFO】2025-11-18 11:23:26,087 - tmdbstoryliner - 跳过更新 霸王龙雷奇 S01E15 - 内容已是中文或无需更新
【INFO】2025-11-18 11:23:26,144 - tmdbstoryliner - 正在处理 霸王龙雷奇 S01E16
【INFO】2025-11-18 11:23:27,415 - tmdbstoryliner - 剧集 霸王龙雷奇 S01E16 - 剧情简介: 无(0字符), 标题: 有(4字符)
【INFO】2025-11-18 11:23:27,424 - tmdbstoryliner - 检查本地剧集信息 238744_S01E16:
【INFO】2025-11-18 11:23:27,424 - tmdbstoryliner -   本地剧情简介: 不存在 (0 字符)
【INFO】2025-11-18 11:23:27,425 - tmdbstoryliner -   本地标题: 存在 (4 字符)
【INFO】2025-11-18 11:23:27,425 - tmdbstoryliner -   TMDB剧情简介: 不存在 (0 字符)
【INFO】2025-11-18 11:23:27,425 - tmdbstoryliner -   TMDB标题: 存在 (4 字符)
【INFO】2025-11-18 11:23:27,454 - tmdbstoryliner - 跳过更新 霸王龙雷奇 S01E16 - 内容已是中文或无需更新
【INFO】2025-11-18 11:23:27,511 - tmdbstoryliner - 正在处理 霸王龙雷奇 S01E17
【INFO】2025-11-18 11:23:28,516 - tmdbstoryliner - 剧集 霸王龙雷奇 S01E17 - 剧情简介: 无(0字符), 标题: 有(5字符)
【INFO】2025-11-18 11:23:28,531 - tmdbstoryliner - 检查本地剧集信息 238744_S01E17:
【INFO】2025-11-18 11:23:28,532 - tmdbstoryliner -   本地剧情简介: 不存在 (0 字符)
【INFO】2025-11-18 11:23:28,533 - tmdbstoryliner -   本地标题: 存在 (5 字符)
【INFO】2025-11-18 11:23:28,533 - tmdbstoryliner -   TMDB剧情简介: 不存在 (0 字符)
【INFO】2025-11-18 11:23:28,534 - tmdbstoryliner -   TMDB标题: 存在 (5 字符)
【INFO】2025-11-18 11:23:28,595 - tmdbstoryliner - 跳过更新 霸王龙雷奇 S01E17 - 内容已是中文或无需更新
【INFO】2025-11-18 11:23:28,655 - tmdbstoryliner - 正在处理 霸王龙雷奇 S01E18
【INFO】2025-11-18 11:23:29,661 - tmdbstoryliner - 剧集 霸王龙雷奇 S01E18 - 剧情简介: 无(0字符), 标题: 有(3字符)
【INFO】2025-11-18 11:23:29,672 - tmdbstoryliner - 检查本地剧集信息 238744_S01E18:
【INFO】2025-11-18 11:23:29,673 - tmdbstoryliner -   本地剧情简介: 不存在 (0 字符)
【INFO】2025-11-18 11:23:29,674 - tmdbstoryliner -   本地标题: 存在 (3 字符)
【INFO】2025-11-18 11:23:29,674 - tmdbstoryliner -   TMDB剧情简介: 不存在 (0 字符)
【INFO】2025-11-18 11:23:29,675 - tmdbstoryliner -   TMDB标题: 存在 (3 字符)
【INFO】2025-11-18 11:23:29,717 - tmdbstoryliner - 跳过更新 霸王龙雷奇 S01E18 - 内容已是中文或无需更新
【INFO】2025-11-18 11:23:29,775 - tmdbstoryliner - 正在处理 霸王龙雷奇 S01E19
【INFO】2025-11-18 11:23:30,774 - tmdbstoryliner - 剧集 霸王龙雷奇 S01E19 - 剧情简介: 无(0字符), 标题: 有(7字符)
【INFO】2025-11-18 11:23:30,784 - tmdbstoryliner - 检查本地剧集信息 238744_S01E19:
【INFO】2025-11-18 11:23:30,784 - tmdbstoryliner -   本地剧情简介: 不存在 (0 字符)
【INFO】2025-11-18 11:23:30,785 - tmdbstoryliner -   本地标题: 存在 (7 字符)
【INFO】2025-11-18 11:23:30,785 - tmdbstoryliner -   TMDB剧情简介: 不存在 (0 字符)
【INFO】2025-11-18 11:23:30,785 - tmdbstoryliner -   TMDB标题: 存在 (7 字符)
【INFO】2025-11-18 11:23:30,821 - tmdbstoryliner - 跳过更新 霸王龙雷奇 S01E19 - 内容已是中文或无需更新
【INFO】2025-11-18 11:23:30,883 - tmdbstoryliner - 正在处理 霸王龙雷奇 S01E20
【INFO】2025-11-18 11:23:32,079 - tmdbstoryliner - 剧集 霸王龙雷奇 S01E20 - 剧情简介: 无(0字符), 标题: 有(5字符)
【INFO】2025-11-18 11:23:32,091 - tmdbstoryliner - 检查本地剧集信息 238744_S01E20:
【INFO】2025-11-18 11:23:32,092 - tmdbstoryliner -   本地剧情简介: 不存在 (0 字符)
【INFO】2025-11-18 11:23:32,092 - tmdbstoryliner -   本地标题: 存在 (5 字符)
【INFO】2025-11-18 11:23:32,093 - tmdbstoryliner -   TMDB剧情简介: 不存在 (0 字符)
【INFO】2025-11-18 11:23:32,094 - tmdbstoryliner -   TMDB标题: 存在 (5 字符)
【INFO】2025-11-18 11:23:32,155 - tmdbstoryliner - 跳过更新 霸王龙雷奇 S01E20 - 内容已是中文或无需更新
【INFO】2025-11-18 11:23:32,287 - tmdbstoryliner - 正在处理 霸王龙雷奇 S01E21
【INFO】2025-11-18 11:23:33,365 - tmdbstoryliner - 剧集 霸王龙雷奇 S01E21 - 剧情简介: 无(0字符), 标题: 有(4字符)
【INFO】2025-11-18 11:23:33,381 - tmdbstoryliner - 检查本地剧集信息 238744_S01E21:
【INFO】2025-11-18 11:23:33,382 - tmdbstoryliner -   本地剧情简介: 不存在 (0 字符)
【INFO】2025-11-18 11:23:33,383 - tmdbstoryliner -   本地标题: 存在 (4 字符)
【INFO】2025-11-18 11:23:33,384 - tmdbstoryliner -   TMDB剧情简介: 不存在 (0 字符)
【INFO】2025-11-18 11:23:33,385 - tmdbstoryliner -   TMDB标题: 存在 (4 字符)
【INFO】2025-11-18 11:23:33,446 - tmdbstoryliner - 跳过更新 霸王龙雷奇 S01E21 - 内容已是中文或无需更新
【INFO】2025-11-18 11:23:33,521 - tmdbstoryliner - 正在处理 霸王龙雷奇 S01E22
【INFO】2025-11-18 11:23:35,092 - tmdbstoryliner - 剧集 霸王龙雷奇 S01E22 - 剧情简介: 无(0字符), 标题: 有(16字符)
【INFO】2025-11-18 11:23:35,101 - tmdbstoryliner - 检查本地剧集信息 238744_S01E22:
【INFO】2025-11-18 11:23:35,101 - tmdbstoryliner -   本地剧情简介: 不存在 (0 字符)
【INFO】2025-11-18 11:23:35,101 - tmdbstoryliner -   本地标题: 存在 (17 字符)
【INFO】2025-11-18 11:23:35,102 - tmdbstoryliner -   TMDB剧情简介: 不存在 (0 字符)
【INFO】2025-11-18 11:23:35,102 - tmdbstoryliner -   TMDB标题: 存在 (16 字符)
【INFO】2025-11-18 11:23:35,102 - tmdbstoryliner - 霸王龙雷奇 S01E22 剧情简介无需翻译
【INFO】2025-11-18 11:23:35,103 - tmdbstoryliner - 霸王龙雷奇 S01E22 标题需要翻译: 哆唻咪，不着急， 哆唻咪，要冷静
【INFO】2025-11-18 11:23:35,604 - tmdbstoryliner - 已AI翻译 霸王龙雷奇 S01E22 标题
【INFO】2025-11-18 11:23:35,628 - tmdbstoryliner - 已更新 霸王龙雷奇 S01E22 标题和剧情简介
【INFO】2025-11-18 11:23:36,120 - tmdbstoryliner - 正在处理 霸王龙雷奇 S01E23
【INFO】2025-11-18 11:23:37,485 - tmdbstoryliner - 剧集 霸王龙雷奇 S01E23 - 剧情简介: 无(0字符), 标题: 有(7字符)
【INFO】2025-11-18 11:23:37,501 - tmdbstoryliner - 检查本地剧集信息 238744_S01E23:
【INFO】2025-11-18 11:23:37,502 - tmdbstoryliner -   本地剧情简介: 不存在 (0 字符)
【INFO】2025-11-18 11:23:37,503 - tmdbstoryliner -   本地标题: 存在 (7 字符)
【INFO】2025-11-18 11:23:37,503 - tmdbstoryliner -   TMDB剧情简介: 不存在 (0 字符)
【INFO】2025-11-18 11:23:37,504 - tmdbstoryliner -   TMDB标题: 存在 (7 字符)
【INFO】2025-11-18 11:23:37,563 - tmdbstoryliner - 跳过更新 霸王龙雷奇 S01E23 - 内容已是中文或无需更新
【INFO】2025-11-18 11:23:37,657 - tmdbstoryliner - 正在处理 霸王龙雷奇 S01E24
【INFO】2025-11-18 11:23:38,672 - tmdbstoryliner - 剧集 霸王龙雷奇 S01E24 - 剧情简介: 无(0字符), 标题: 有(6字符)
【INFO】2025-11-18 11:23:38,681 - tmdbstoryliner - 检查本地剧集信息 238744_S01E24:
【INFO】2025-11-18 11:23:38,681 - tmdbstoryliner -   本地剧情简介: 不存在 (0 字符)
【INFO】2025-11-18 11:23:38,682 - tmdbstoryliner -   本地标题: 存在 (6 字符)
【INFO】2025-11-18 11:23:38,682 - tmdbstoryliner -   TMDB剧情简介: 不存在 (0 字符)
【INFO】2025-11-18 11:23:38,683 - tmdbstoryliner -   TMDB标题: 存在 (6 字符)
【INFO】2025-11-18 11:23:38,711 - tmdbstoryliner - 跳过更新 霸王龙雷奇 S01E24 - 内容已是中文或无需更新
【INFO】2025-11-18 11:23:38,776 - tmdbstoryliner - 正在处理 霸王龙雷奇 S01E25
【INFO】2025-11-18 11:23:39,777 - tmdbstoryliner - 剧集 霸王龙雷奇 S01E25 - 剧情简介: 无(0字符), 标题: 有(9字符)
【INFO】2025-11-18 11:23:39,784 - tmdbstoryliner - 检查本地剧集信息 238744_S01E25:
【INFO】2025-11-18 11:23:39,784 - tmdbstoryliner -   本地剧情简介: 不存在 (0 字符)
【INFO】2025-11-18 11:23:39,784 - tmdbstoryliner -   本地标题: 存在 (9 字符)
【INFO】2025-11-18 11:23:39,785 - tmdbstoryliner -   TMDB剧情简介: 不存在 (0 字符)
【INFO】2025-11-18 11:23:39,785 - tmdbstoryliner -   TMDB标题: 存在 (9 字符)
【INFO】2025-11-18 11:23:39,816 - tmdbstoryliner - 跳过更新 霸王龙雷奇 S01E25 - 内容已是中文或无需更新
【INFO】2025-11-18 11:23:39,877 - tmdbstoryliner - 正在处理 霸王龙雷奇 S01E26
【INFO】2025-11-18 11:23:40,910 - tmdbstoryliner - 剧集 霸王龙雷奇 S01E26 - 剧情简介: 无(0字符), 标题: 有(4字符)
【INFO】2025-11-18 11:23:40,921 - tmdbstoryliner - 检查本地剧集信息 238744_S01E26:
【INFO】2025-11-18 11:23:40,922 - tmdbstoryliner -   本地剧情简介: 不存在 (0 字符)
【INFO】2025-11-18 11:23:40,922 - tmdbstoryliner -   本地标题: 存在 (4 字符)
【INFO】2025-11-18 11:23:40,923 - tmdbstoryliner -   TMDB剧情简介: 不存在 (0 字符)
【INFO】2025-11-18 11:23:40,923 - tmdbstoryliner -   TMDB标题: 存在 (4 字符)
【INFO】2025-11-18 11:23:40,954 - tmdbstoryliner - 跳过更新 霸王龙雷奇 S01E26 - 内容已是中文或无需更新
【INFO】2025-11-18 11:23:41,014 - tmdbstoryliner - 正在处理 霸王龙雷奇 S01E27
【INFO】2025-11-18 11:23:42,382 - tmdbstoryliner - 剧集 霸王龙雷奇 S01E27 - 剧情简介: 无(0字符), 标题: 有(5字符)
【INFO】2025-11-18 11:23:42,402 - tmdbstoryliner - 检查本地剧集信息 238744_S01E27:
【INFO】2025-11-18 11:23:42,403 - tmdbstoryliner -   本地剧情简介: 不存在 (0 字符)
【INFO】2025-11-18 11:23:42,403 - tmdbstoryliner -   本地标题: 存在 (5 字符)
【INFO】2025-11-18 11:23:42,404 - tmdbstoryliner -   TMDB剧情简介: 不存在 (0 字符)
【INFO】2025-11-18 11:23:42,405 - tmdbstoryliner -   TMDB标题: 存在 (5 字符)
【INFO】2025-11-18 11:23:42,468 - tmdbstoryliner - 跳过更新 霸王龙雷奇 S01E27 - 内容已是中文或无需更新
【INFO】2025-11-18 11:23:42,530 - tmdbstoryliner - 正在处理 霸王龙雷奇 S01E28
【INFO】2025-11-18 11:23:43,525 - tmdbstoryliner - 剧集 霸王龙雷奇 S01E28 - 剧情简介: 无(0字符), 标题: 有(4字符)
【INFO】2025-11-18 11:23:43,541 - tmdbstoryliner - 检查本地剧集信息 238744_S01E28:
【INFO】2025-11-18 11:23:43,542 - tmdbstoryliner -   本地剧情简介: 不存在 (0 字符)
【INFO】2025-11-18 11:23:43,543 - tmdbstoryliner -   本地标题: 存在 (4 字符)
【INFO】2025-11-18 11:23:43,544 - tmdbstoryliner -   TMDB剧情简介: 不存在 (0 字符)
【INFO】2025-11-18 11:23:43,545 - tmdbstoryliner -   TMDB标题: 存在 (4 字符)
【INFO】2025-11-18 11:23:43,605 - tmdbstoryliner - 跳过更新 霸王龙雷奇 S01E28 - 内容已是中文或无需更新
【INFO】2025-11-18 11:23:43,696 - tmdbstoryliner - 正在处理 霸王龙雷奇 S01E29
【INFO】2025-11-18 11:23:44,722 - tmdbstoryliner - 剧集 霸王龙雷奇 S01E29 - 剧情简介: 无(0字符), 标题: 有(3字符)
【INFO】2025-11-18 11:23:44,731 - tmdbstoryliner - 检查本地剧集信息 238744_S01E29:
【INFO】2025-11-18 11:23:44,731 - tmdbstoryliner -   本地剧情简介: 不存在 (0 字符)
【INFO】2025-11-18 11:23:44,731 - tmdbstoryliner -   本地标题: 存在 (3 字符)
【INFO】2025-11-18 11:23:44,732 - tmdbstoryliner -   TMDB剧情简介: 不存在 (0 字符)
【INFO】2025-11-18 11:23:44,732 - tmdbstoryliner -   TMDB标题: 存在 (3 字符)
【INFO】2025-11-18 11:23:44,765 - tmdbstoryliner - 跳过更新 霸王龙雷奇 S01E29 - 内容已是中文或无需更新
【INFO】2025-11-18 11:23:44,821 - tmdbstoryliner - 正在处理 霸王龙雷奇 S01E30
【INFO】2025-11-18 11:23:46,133 - tmdbstoryliner - 剧集 霸王龙雷奇 S01E30 - 剧情简介: 无(0字符), 标题: 有(5字符)
【INFO】2025-11-18 11:23:46,147 - tmdbstoryliner - 检查本地剧集信息 238744_S01E30:
【INFO】2025-11-18 11:23:46,148 - tmdbstoryliner -   本地剧情简介: 不存在 (0 字符)
【INFO】2025-11-18 11:23:46,149 - tmdbstoryliner -   本地标题: 存在 (5 字符)
【INFO】2025-11-18 11:23:46,149 - tmdbstoryliner -   TMDB剧情简介: 不存在 (0 字符)
【INFO】2025-11-18 11:23:46,150 - tmdbstoryliner -   TMDB标题: 存在 (5 字符)
【INFO】2025-11-18 11:23:46,189 - tmdbstoryliner - 跳过更新 霸王龙雷奇 S01E30 - 内容已是中文或无需更新
【INFO】2025-11-18 11:23:46,253 - tmdbstoryliner - 正在处理 霸王龙雷奇 S01E31
【INFO】2025-11-18 11:23:47,313 - tmdbstoryliner - 剧集 霸王龙雷奇 S01E31 - 剧情简介: 无(0字符), 标题: 有(4字符)
【INFO】2025-11-18 11:23:47,320 - tmdbstoryliner - 检查本地剧集信息 238744_S01E31:
【INFO】2025-11-18 11:23:47,320 - tmdbstoryliner -   本地剧情简介: 不存在 (0 字符)
【INFO】2025-11-18 11:23:47,321 - tmdbstoryliner -   本地标题: 存在 (4 字符)
【INFO】2025-11-18 11:23:47,321 - tmdbstoryliner -   TMDB剧情简介: 不存在 (0 字符)
【INFO】2025-11-18 11:23:47,321 - tmdbstoryliner -   TMDB标题: 存在 (4 字符)
【INFO】2025-11-18 11:23:47,353 - tmdbstoryliner - 跳过更新 霸王龙雷奇 S01E31 - 内容已是中文或无需更新
【INFO】2025-11-18 11:23:47,410 - tmdbstoryliner - 正在处理 霸王龙雷奇 S01E32
【INFO】2025-11-18 11:23:48,552 - tmdbstoryliner - 剧集 霸王龙雷奇 S01E32 - 剧情简介: 无(0字符), 标题: 有(4字符)
【INFO】2025-11-18 11:23:48,571 - tmdbstoryliner - 检查本地剧集信息 238744_S01E32:
【INFO】2025-11-18 11:23:48,572 - tmdbstoryliner -   本地剧情简介: 不存在 (0 字符)
【INFO】2025-11-18 11:23:48,572 - tmdbstoryliner -   本地标题: 存在 (4 字符)
【INFO】2025-11-18 11:23:48,573 - tmdbstoryliner -   TMDB剧情简介: 不存在 (0 字符)
【INFO】2025-11-18 11:23:48,574 - tmdbstoryliner -   TMDB标题: 存在 (4 字符)
【INFO】2025-11-18 11:23:48,635 - tmdbstoryliner - 跳过更新 霸王龙雷奇 S01E32 - 内容已是中文或无需更新
【INFO】2025-11-18 11:23:48,733 - tmdbstoryliner - 正在处理 霸王龙雷奇 S01E33
【INFO】2025-11-18 11:23:50,200 - tmdbstoryliner - 剧集 霸王龙雷奇 S01E33 - 剧情简介: 无(0字符), 标题: 有(3字符)
【INFO】2025-11-18 11:23:50,214 - tmdbstoryliner - 检查本地剧集信息 238744_S01E33:
【INFO】2025-11-18 11:23:50,215 - tmdbstoryliner -   本地剧情简介: 不存在 (0 字符)
【INFO】2025-11-18 11:23:50,215 - tmdbstoryliner -   本地标题: 存在 (3 字符)
【INFO】2025-11-18 11:23:50,216 - tmdbstoryliner -   TMDB剧情简介: 不存在 (0 字符)
【INFO】2025-11-18 11:23:50,217 - tmdbstoryliner -   TMDB标题: 存在 (3 字符)
【INFO】2025-11-18 11:23:50,267 - tmdbstoryliner - 跳过更新 霸王龙雷奇 S01E33 - 内容已是中文或无需更新
【INFO】2025-11-18 11:23:50,329 - tmdbstoryliner - 正在处理 霸王龙雷奇 S01E34
【INFO】2025-11-18 11:23:51,343 - tmdbstoryliner - 剧集 霸王龙雷奇 S01E34 - 剧情简介: 无(0字符), 标题: 有(4字符)
【INFO】2025-11-18 11:23:51,351 - tmdbstoryliner - 检查本地剧集信息 238744_S01E34:
【INFO】2025-11-18 11:23:51,352 - tmdbstoryliner -   本地剧情简介: 不存在 (0 字符)
【INFO】2025-11-18 11:23:51,352 - tmdbstoryliner -   本地标题: 存在 (4 字符)
【INFO】2025-11-18 11:23:51,352 - tmdbstoryliner -   TMDB剧情简介: 不存在 (0 字符)
【INFO】2025-11-18 11:23:51,353 - tmdbstoryliner -   TMDB标题: 存在 (4 字符)
【INFO】2025-11-18 11:23:51,380 - tmdbstoryliner - 跳过更新 霸王龙雷奇 S01E34 - 内容已是中文或无需更新
【INFO】2025-11-18 11:23:51,439 - tmdbstoryliner - 正在处理 霸王龙雷奇 S01E35
【INFO】2025-11-18 11:23:52,621 - tmdbstoryliner - 剧集 霸王龙雷奇 S01E35 - 剧情简介: 无(0字符), 标题: 有(11字符)
【INFO】2025-11-18 11:23:52,634 - tmdbstoryliner - 检查本地剧集信息 238744_S01E35:
【INFO】2025-11-18 11:23:52,635 - tmdbstoryliner -   本地剧情简介: 不存在 (0 字符)
【INFO】2025-11-18 11:23:52,635 - tmdbstoryliner -   本地标题: 存在 (11 字符)
【INFO】2025-11-18 11:23:52,636 - tmdbstoryliner -   TMDB剧情简介: 不存在 (0 字符)
【INFO】2025-11-18 11:23:52,636 - tmdbstoryliner -   TMDB标题: 存在 (11 字符)
【INFO】2025-11-18 11:23:52,680 - tmdbstoryliner - 跳过更新 霸王龙雷奇 S01E35 - 内容已是中文或无需更新
【INFO】2025-11-18 11:23:52,740 - tmdbstoryliner - 正在处理 霸王龙雷奇 S01E36
【INFO】2025-11-18 11:23:53,607 - tmdbstoryliner - 剧集 霸王龙雷奇 S01E36 - 剧情简介: 无(0字符), 标题: 有(4字符)
【INFO】2025-11-18 11:23:53,618 - tmdbstoryliner - 检查本地剧集信息 238744_S01E36:
【INFO】2025-11-18 11:23:53,619 - tmdbstoryliner -   本地剧情简介: 不存在 (0 字符)
【INFO】2025-11-18 11:23:53,619 - tmdbstoryliner -   本地标题: 存在 (4 字符)
【INFO】2025-11-18 11:23:53,620 - tmdbstoryliner -   TMDB剧情简介: 不存在 (0 字符)
【INFO】2025-11-18 11:23:53,620 - tmdbstoryliner -   TMDB标题: 存在 (4 字符)
【INFO】2025-11-18 11:23:53,656 - tmdbstoryliner - 跳过更新 霸王龙雷奇 S01E36 - 内容已是中文或无需更新
【INFO】2025-11-18 11:23:53,715 - tmdbstoryliner - 正在处理 霸王龙雷奇 S01E37
【INFO】2025-11-18 11:23:54,650 - tmdbstoryliner - 剧集 霸王龙雷奇 S01E37 - 剧情简介: 无(0字符), 标题: 有(7字符)
【INFO】2025-11-18 11:23:54,658 - tmdbstoryliner - 检查本地剧集信息 238744_S01E37:
【INFO】2025-11-18 11:23:54,659 - tmdbstoryliner -   本地剧情简介: 不存在 (0 字符)
【INFO】2025-11-18 11:23:54,659 - tmdbstoryliner -   本地标题: 存在 (11 字符)
【INFO】2025-11-18 11:23:54,659 - tmdbstoryliner -   TMDB剧情简介: 不存在 (0 字符)
【INFO】2025-11-18 11:23:54,660 - tmdbstoryliner -   TMDB标题: 存在 (7 字符)
【INFO】2025-11-18 11:23:54,660 - tmdbstoryliner - 霸王龙雷奇 S01E37 剧情简介无需翻译
【INFO】2025-11-18 11:23:54,661 - tmdbstoryliner - 霸王龙雷奇 S01E37 标题需要翻译: 休息好，感冒跑
【INFO】2025-11-18 11:23:55,086 - tmdbstoryliner - 已AI翻译 霸王龙雷奇 S01E37 标题
【INFO】2025-11-18 11:23:55,095 - tmdbstoryliner - 已更新 霸王龙雷奇 S01E37 标题和剧情简介
【INFO】2025-11-18 11:23:55,514 - tmdbstoryliner - 正在处理 霸王龙雷奇 S01E38
【INFO】2025-11-18 11:23:56,437 - tmdbstoryliner - 剧集 霸王龙雷奇 S01E38 - 剧情简介: 无(0字符), 标题: 有(5字符)
【INFO】2025-11-18 11:23:56,457 - tmdbstoryliner - 检查本地剧集信息 238744_S01E38:
【INFO】2025-11-18 11:23:56,458 - tmdbstoryliner -   本地剧情简介: 不存在 (0 字符)
【INFO】2025-11-18 11:23:56,459 - tmdbstoryliner -   本地标题: 存在 (5 字符)
【INFO】2025-11-18 11:23:56,460 - tmdbstoryliner -   TMDB剧情简介: 不存在 (0 字符)
【INFO】2025-11-18 11:23:56,460 - tmdbstoryliner -   TMDB标题: 存在 (5 字符)
【INFO】2025-11-18 11:23:56,517 - tmdbstoryliner - 跳过更新 霸王龙雷奇 S01E38 - 内容已是中文或无需更新
【INFO】2025-11-18 11:23:56,595 - tmdbstoryliner - 正在处理 霸王龙雷奇 S01E39
【INFO】2025-11-18 11:23:57,559 - tmdbstoryliner - 剧集 霸王龙雷奇 S01E39 - 剧情简介: 无(0字符), 标题: 有(4字符)
【INFO】2025-11-18 11:23:57,569 - tmdbstoryliner - 检查本地剧集信息 238744_S01E39:
【INFO】2025-11-18 11:23:57,569 - tmdbstoryliner -   本地剧情简介: 不存在 (0 字符)
【INFO】2025-11-18 11:23:57,570 - tmdbstoryliner -   本地标题: 存在 (4 字符)
【INFO】2025-11-18 11:23:57,570 - tmdbstoryliner -   TMDB剧情简介: 不存在 (0 字符)
【INFO】2025-11-18 11:23:57,570 - tmdbstoryliner -   TMDB标题: 存在 (4 字符)
【INFO】2025-11-18 11:23:57,606 - tmdbstoryliner - 跳过更新 霸王龙雷奇 S01E39 - 内容已是中文或无需更新
【INFO】2025-11-18 11:23:57,662 - tmdbstoryliner - 正在处理 霸王龙雷奇 S01E40
【INFO】2025-11-18 11:23:58,663 - tmdbstoryliner - 剧集 霸王龙雷奇 S01E40 - 剧情简介: 无(0字符), 标题: 有(4字符)
【INFO】2025-11-18 11:23:58,678 - tmdbstoryliner - 检查本地剧集信息 238744_S01E40:
【INFO】2025-11-18 11:23:58,679 - tmdbstoryliner -   本地剧情简介: 不存在 (0 字符)
【INFO】2025-11-18 11:23:58,679 - tmdbstoryliner -   本地标题: 存在 (4 字符)
【INFO】2025-11-18 11:23:58,679 - tmdbstoryliner -   TMDB剧情简介: 不存在 (0 字符)
【INFO】2025-11-18 11:23:58,680 - tmdbstoryliner -   TMDB标题: 存在 (4 字符)
【INFO】2025-11-18 11:23:58,706 - tmdbstoryliner - 跳过更新 霸王龙雷奇 S01E40 - 内容已是中文或无需更新
【INFO】2025-11-18 11:23:58,764 - tmdbstoryliner - 正在处理 霸王龙雷奇 S01E41
【WARNING】2025-11-18 11:24:28,786 - tmdbstoryliner - 第1次获取中文剧集详情失败: HTTPSConnectionPool(host='api.themoviedb.org', port=443): Max retries exceeded with url: /3/tv/238744/season/1/episode/41?api_key=a5a301830d0badfac44af99aee3dc96c&language=zh-CN (Caused by ConnectTimeoutError(<urllib3.connection.HTTPSConnection object at 0x7fe32b3d40e0>, 'Connection to api.themoviedb.org timed out. (connect timeout=30)'))
【INFO】2025-11-18 11:24:35,014 - tmdbstoryliner - 剧集 霸王龙雷奇 S01E41 - 剧情简介: 无(0字符), 标题: 有(5字符)
【INFO】2025-11-18 11:24:35,023 - tmdbstoryliner - 检查本地剧集信息 238744_S01E41:
【INFO】2025-11-18 11:24:35,024 - tmdbstoryliner -   本地剧情简介: 不存在 (0 字符)
【INFO】2025-11-18 11:24:35,024 - tmdbstoryliner -   本地标题: 存在 (5 字符)
【INFO】2025-11-18 11:24:35,024 - tmdbstoryliner -   TMDB剧情简介: 不存在 (0 字符)
【INFO】2025-11-18 11:24:35,025 - tmdbstoryliner -   TMDB标题: 存在 (5 字符)
【INFO】2025-11-18 11:24:35,054 - tmdbstoryliner - 跳过更新 霸王龙雷奇 S01E41 - 内容已是中文或无需更新
【INFO】2025-11-18 11:24:35,111 - tmdbstoryliner - 正在处理 霸王龙雷奇 S01E42
【INFO】2025-11-18 11:24:36,121 - tmdbstoryliner - 剧集 霸王龙雷奇 S01E42 - 剧情简介: 无(0字符), 标题: 有(4字符)
【INFO】2025-11-18 11:24:36,136 - tmdbstoryliner - 检查本地剧集信息 238744_S01E42:
【INFO】2025-11-18 11:24:36,137 - tmdbstoryliner -   本地剧情简介: 不存在 (0 字符)
【INFO】2025-11-18 11:24:36,138 - tmdbstoryliner -   本地标题: 存在 (4 字符)
【INFO】2025-11-18 11:24:36,139 - tmdbstoryliner -   TMDB剧情简介: 不存在 (0 字符)
【INFO】2025-11-18 11:24:36,140 - tmdbstoryliner -   TMDB标题: 存在 (4 字符)
【INFO】2025-11-18 11:24:36,200 - tmdbstoryliner - 跳过更新 霸王龙雷奇 S01E42 - 内容已是中文或无需更新
【INFO】2025-11-18 11:24:36,284 - tmdbstoryliner - 正在处理 霸王龙雷奇 S01E43
【INFO】2025-11-18 11:24:37,882 - tmdbstoryliner - 剧集 霸王龙雷奇 S01E43 - 剧情简介: 无(0字符), 标题: 有(3字符)
【INFO】2025-11-18 11:24:37,900 - tmdbstoryliner - 检查本地剧集信息 238744_S01E43:
【INFO】2025-11-18 11:24:37,901 - tmdbstoryliner -   本地剧情简介: 不存在 (0 字符)
【INFO】2025-11-18 11:24:37,902 - tmdbstoryliner -   本地标题: 存在 (3 字符)
【INFO】2025-11-18 11:24:37,903 - tmdbstoryliner -   TMDB剧情简介: 不存在 (0 字符)
【INFO】2025-11-18 11:24:37,904 - tmdbstoryliner -   TMDB标题: 存在 (3 字符)
【INFO】2025-11-18 11:24:37,948 - tmdbstoryliner - 跳过更新 霸王龙雷奇 S01E43 - 内容已是中文或无需更新
【INFO】2025-11-18 11:24:38,005 - tmdbstoryliner - 正在处理 霸王龙雷奇 S01E44
【INFO】2025-11-18 11:24:39,043 - tmdbstoryliner - 剧集 霸王龙雷奇 S01E44 - 剧情简介: 无(0字符), 标题: 有(4字符)
【INFO】2025-11-18 11:24:39,061 - tmdbstoryliner - 检查本地剧集信息 238744_S01E44:
【INFO】2025-11-18 11:24:39,062 - tmdbstoryliner -   本地剧情简介: 不存在 (0 字符)
【INFO】2025-11-18 11:24:39,062 - tmdbstoryliner -   本地标题: 存在 (4 字符)
【INFO】2025-11-18 11:24:39,062 - tmdbstoryliner -   TMDB剧情简介: 不存在 (0 字符)
【INFO】2025-11-18 11:24:39,063 - tmdbstoryliner -   TMDB标题: 存在 (4 字符)
【INFO】2025-11-18 11:24:39,117 - tmdbstoryliner - 跳过更新 霸王龙雷奇 S01E44 - 内容已是中文或无需更新
【INFO】2025-11-18 11:24:39,182 - tmdbstoryliner - 正在处理 霸王龙雷奇 S01E45
【INFO】2025-11-18 11:24:40,336 - tmdbstoryliner - 剧集 霸王龙雷奇 S01E45 - 剧情简介: 无(0字符), 标题: 有(4字符)
【INFO】2025-11-18 11:24:40,345 - tmdbstoryliner - 检查本地剧集信息 238744_S01E45:
【INFO】2025-11-18 11:24:40,345 - tmdbstoryliner -   本地剧情简介: 不存在 (0 字符)
【INFO】2025-11-18 11:24:40,345 - tmdbstoryliner -   本地标题: 存在 (4 字符)
【INFO】2025-11-18 11:24:40,346 - tmdbstoryliner -   TMDB剧情简介: 不存在 (0 字符)
【INFO】2025-11-18 11:24:40,346 - tmdbstoryliner -   TMDB标题: 存在 (4 字符)
【INFO】2025-11-18 11:24:40,375 - tmdbstoryliner - 跳过更新 霸王龙雷奇 S01E45 - 内容已是中文或无需更新
【INFO】2025-11-18 11:24:40,444 - tmdbstoryliner - 正在处理 霸王龙雷奇 S01E46
【INFO】2025-11-18 11:24:41,653 - tmdbstoryliner - 剧集 霸王龙雷奇 S01E46 - 剧情简介: 无(0字符), 标题: 有(4字符)
【INFO】2025-11-18 11:24:41,680 - tmdbstoryliner - 检查本地剧集信息 238744_S01E46:
【INFO】2025-11-18 11:24:41,681 - tmdbstoryliner -   本地剧情简介: 不存在 (0 字符)
【INFO】2025-11-18 11:24:41,682 - tmdbstoryliner -   本地标题: 存在 (4 字符)
【INFO】2025-11-18 11:24:41,682 - tmdbstoryliner -   TMDB剧情简介: 不存在 (0 字符)
【INFO】2025-11-18 11:24:41,684 - tmdbstoryliner -   TMDB标题: 存在 (4 字符)
【INFO】2025-11-18 11:24:41,726 - tmdbstoryliner - 跳过更新 霸王龙雷奇 S01E46 - 内容已是中文或无需更新
【INFO】2025-11-18 11:24:41,783 - tmdbstoryliner - 正在处理 霸王龙雷奇 S01E47
【INFO】2025-11-18 11:24:42,926 - tmdbstoryliner - 剧集 霸王龙雷奇 S01E47 - 剧情简介: 无(0字符), 标题: 有(2字符)
【INFO】2025-11-18 11:24:42,936 - tmdbstoryliner - 检查本地剧集信息 238744_S01E47:
【INFO】2025-11-18 11:24:42,936 - tmdbstoryliner -   本地剧情简介: 不存在 (0 字符)
【INFO】2025-11-18 11:24:42,937 - tmdbstoryliner -   本地标题: 存在 (2 字符)
【INFO】2025-11-18 11:24:42,937 - tmdbstoryliner -   TMDB剧情简介: 不存在 (0 字符)
【INFO】2025-11-18 11:24:42,938 - tmdbstoryliner -   TMDB标题: 存在 (2 字符)
【INFO】2025-11-18 11:24:42,974 - tmdbstoryliner - 跳过更新 霸王龙雷奇 S01E47 - 内容已是中文或无需更新
【INFO】2025-11-18 11:24:43,031 - tmdbstoryliner - 正在处理 霸王龙雷奇 S01E48
【INFO】2025-11-18 11:24:44,072 - tmdbstoryliner - 剧集 霸王龙雷奇 S01E48 - 剧情简介: 无(0字符), 标题: 有(5字符)
【INFO】2025-11-18 11:24:44,082 - tmdbstoryliner - 检查本地剧集信息 238744_S01E48:
【INFO】2025-11-18 11:24:44,083 - tmdbstoryliner -   本地剧情简介: 不存在 (0 字符)
【INFO】2025-11-18 11:24:44,083 - tmdbstoryliner -   本地标题: 存在 (5 字符)
【INFO】2025-11-18 11:24:44,084 - tmdbstoryliner -   TMDB剧情简介: 不存在 (0 字符)
【INFO】2025-11-18 11:24:44,084 - tmdbstoryliner -   TMDB标题: 存在 (5 字符)
【INFO】2025-11-18 11:24:44,124 - tmdbstoryliner - 跳过更新 霸王龙雷奇 S01E48 - 内容已是中文或无需更新
【INFO】2025-11-18 11:24:44,182 - tmdbstoryliner - 正在处理 霸王龙雷奇 S01E49
【INFO】2025-11-18 11:24:45,192 - tmdbstoryliner - 剧集 霸王龙雷奇 S01E49 - 剧情简介: 无(0字符), 标题: 有(5字符)
【INFO】2025-11-18 11:24:45,204 - tmdbstoryliner - 检查本地剧集信息 238744_S01E49:
【INFO】2025-11-18 11:24:45,205 - tmdbstoryliner -   本地剧情简介: 不存在 (0 字符)
【INFO】2025-11-18 11:24:45,205 - tmdbstoryliner -   本地标题: 存在 (5 字符)
【INFO】2025-11-18 11:24:45,206 - tmdbstoryliner -   TMDB剧情简介: 不存在 (0 字符)
【INFO】2025-11-18 11:24:45,206 - tmdbstoryliner -   TMDB标题: 存在 (5 字符)
【INFO】2025-11-18 11:24:45,248 - tmdbstoryliner - 跳过更新 霸王龙雷奇 S01E49 - 内容已是中文或无需更新
【INFO】2025-11-18 11:24:45,306 - tmdbstoryliner - 正在处理 霸王龙雷奇 S01E50
【INFO】2025-11-18 11:24:46,327 - tmdbstoryliner - 剧集 霸王龙雷奇 S01E50 - 剧情简介: 无(0字符), 标题: 有(6字符)
【INFO】2025-11-18 11:24:46,337 - tmdbstoryliner - 检查本地剧集信息 238744_S01E50:
【INFO】2025-11-18 11:24:46,338 - tmdbstoryliner -   本地剧情简介: 不存在 (0 字符)
【INFO】2025-11-18 11:24:46,338 - tmdbstoryliner -   本地标题: 存在 (6 字符)
【INFO】2025-11-18 11:24:46,339 - tmdbstoryliner -   TMDB剧情简介: 不存在 (0 字符)
【INFO】2025-11-18 11:24:46,339 - tmdbstoryliner -   TMDB标题: 存在 (6 字符)
【INFO】2025-11-18 11:24:46,371 - tmdbstoryliner - 跳过更新 霸王龙雷奇 S01E50 - 内容已是中文或无需更新
【INFO】2025-11-18 11:24:46,429 - tmdbstoryliner - 正在处理 霸王龙雷奇 S01E51
【INFO】2025-11-18 11:24:47,792 - tmdbstoryliner - 剧集 霸王龙雷奇 S01E51 - 剧情简介: 无(0字符), 标题: 有(6字符)
【INFO】2025-11-18 11:24:47,811 - tmdbstoryliner - 检查本地剧集信息 238744_S01E51:
【INFO】2025-11-18 11:24:47,812 - tmdbstoryliner -   本地剧情简介: 不存在 (0 字符)
【INFO】2025-11-18 11:24:47,812 - tmdbstoryliner -   本地标题: 存在 (6 字符)
【INFO】2025-11-18 11:24:47,813 - tmdbstoryliner -   TMDB剧情简介: 不存在 (0 字符)
【INFO】2025-11-18 11:24:47,814 - tmdbstoryliner -   TMDB标题: 存在 (6 字符)
【INFO】2025-11-18 11:24:47,866 - tmdbstoryliner - 跳过更新 霸王龙雷奇 S01E51 - 内容已是中文或无需更新
【INFO】2025-11-18 11:24:47,959 - tmdbstoryliner - 正在处理 霸王龙雷奇 S01E52
【INFO】2025-11-18 11:24:49,015 - tmdbstoryliner - 剧集 霸王龙雷奇 S01E52 - 剧情简介: 无(0字符), 标题: 有(4字符)
【INFO】2025-11-18 11:24:49,028 - tmdbstoryliner - 检查本地剧集信息 238744_S01E52:
【INFO】2025-11-18 11:24:49,029 - tmdbstoryliner -   本地剧情简介: 不存在 (0 字符)
【INFO】2025-11-18 11:24:49,030 - tmdbstoryliner -   本地标题: 存在 (4 字符)
【INFO】2025-11-18 11:24:49,030 - tmdbstoryliner -   TMDB剧情简介: 不存在 (0 字符)
【INFO】2025-11-18 11:24:49,031 - tmdbstoryliner -   TMDB标题: 存在 (4 字符)
【INFO】2025-11-18 11:24:49,058 - tmdbstoryliner - 跳过更新 霸王龙雷奇 S01E52 - 内容已是中文或无需更新
【INFO】2025-11-18 11:24:49,122 - tmdbstoryliner - 正在处理 霸王龙雷奇 第2季，共52集
【INFO】2025-11-18 11:24:49,123 - tmdbstoryliner - 正在处理 霸王龙雷奇 S02E01
【INFO】2025-11-18 11:24:50,310 - tmdbstoryliner - 剧集 霸王龙雷奇 S02E01 - 剧情简介: 无(0字符), 标题: 有(7字符)
【INFO】2025-11-18 11:24:50,323 - tmdbstoryliner - 检查本地剧集信息 238744_S02E01:
【INFO】2025-11-18 11:24:50,324 - tmdbstoryliner -   本地剧情简介: 存在 (7 字符)
【INFO】2025-11-18 11:24:50,324 - tmdbstoryliner -   本地标题: 存在 (7 字符)
【INFO】2025-11-18 11:24:50,325 - tmdbstoryliner -   TMDB剧情简介: 不存在 (0 字符)
【INFO】2025-11-18 11:24:50,326 - tmdbstoryliner -   TMDB标题: 存在 (7 字符)
【INFO】2025-11-18 11:24:50,326 - tmdbstoryliner - 霸王龙雷奇 S02E01 剧情简介无需翻译
【INFO】2025-11-18 11:24:50,327 - tmdbstoryliner - 霸王龙雷奇 S02E01 标题需要翻译: 天生我材必有用
